<?xml version="1.0" encoding="UTF-8" ?>
<testsuite errors="1" failures="0" hostname="host" name="cruise.testing.JUnit" tests="2" time="2.0" timestamp="2010-02-22T19:47:28">
  <testcase classname="cruise.testing.JUnit" name="a" time="1.0">
    <error type="java.lang.NullPointerException">java.lang.NullPointerException
	at cruise.testing.JUnit.shouldKillAllChildProcessOnbuild(JUnit.java:32)
</error>
  </testcase>
  <testcase classname="cruise.testing.JUnit" name="b" time="1.0" />
  <system-out><![CDATA[]]></system-out>
  <system-err><![CDATA[]]></system-err>
</testsuite>
